2019-08-29 07:51:10,175 [INFO] from play.api.http.EnabledFilters in play-dev-mode-akka.actor.default-dispatcher-9 - Enabled Filters (see <https://www.playframework.com/documentation/latest/Filters>):

    play.filters.csrf.CSRFFilter
    play.filters.headers.SecurityHeadersFilter
    play.filters.hosts.AllowedHostsFilter

2019-08-29 07:51:10,239 [INFO] from play.api.Play in play-dev-mode-akka.actor.default-dispatcher-9 - Application started (Dev) (no global state)
2019-08-29 07:52:47,516 [ERROR] from application in application-akka.actor.default-dispatcher-2 - 

! @7d2lk5mi5 - Internal server error, for (GET) [/json/catch] ->
 
play.api.http.HttpErrorHandlerExceptions$$anon$1: Execution exception[[RuntimeException: java.lang.NullPointerException]]
	at play.api.http.HttpErrorHandlerExceptions$.throwableToUsefulException(HttpErrorHandler.scala:351)
	at play.api.http.DefaultHttpErrorHandler.onServerError(HttpErrorHandler.scala:267)
	at play.core.server.AkkaHttpServer$$anonfun$1.applyOrElse(AkkaHttpServer.scala:448)
	at play.core.server.AkkaHttpServer$$anonfun$1.applyOrElse(AkkaHttpServer.scala:446)
	at scala.concurrent.impl.Promise$Transformation.run(Promise.scala:453)
	at akka.dispatch.BatchingExecutor$AbstractBatch.processBatch(BatchingExecutor.scala:55)
	at akka.dispatch.BatchingExecutor$BlockableBatch.$anonfun$run$1(BatchingExecutor.scala:92)
	at scala.runtime.java8.JFunction0$mcV$sp.apply(JFunction0$mcV$sp.scala:18)
	at scala.concurrent.BlockContext$.withBlockContext(BlockContext.scala:94)
	at akka.dispatch.BatchingExecutor$BlockableBatch.run(BatchingExecutor.scala:92)
	at akka.dispatch.TaskInvocation.run(AbstractDispatcher.scala:41)
	at akka.dispatch.ForkJoinExecutorConfigurator$AkkaForkJoinTask.exec(ForkJoinExecutorConfigurator.scala:49)
	at akka.dispatch.forkjoin.ForkJoinTask.doExec(ForkJoinTask.java:260)
	at akka.dispatch.forkjoin.ForkJoinPool$WorkQueue.runTask(ForkJoinPool.java:1339)
	at akka.dispatch.forkjoin.ForkJoinPool.runWorker(ForkJoinPool.java:1979)
	at akka.dispatch.forkjoin.ForkJoinWorkerThread.run(ForkJoinWorkerThread.java:107)
Caused by: java.lang.RuntimeException: java.lang.NullPointerException
	at play.libs.Json.fromJson(Json.java:89)
	at controllers.HomeController.jsonCatch(HomeController.java:51)
	at router.Routes$$anonfun$routes$1.$anonfun$applyOrElse$10(Routes.scala:213)
	at play.core.routing.HandlerInvokerFactory$$anon$6.resultCall(HandlerInvoker.scala:143)
	at play.core.routing.HandlerInvokerFactory$$anon$6.resultCall(HandlerInvoker.scala:142)
	at play.core.routing.HandlerInvokerFactory$JavaActionInvokerFactory$$anon$3$$anon$4$$anon$5.invocation(HandlerInvoker.scala:116)
	at play.core.j.JavaAction$$anon$1.call(JavaAction.scala:131)
	at play.mvc.Action.lambda$call$0(Action.java:89)
	at java.util.Optional.map(Optional.java:215)
	at play.mvc.Action.call(Action.java:81)
	at play.http.DefaultActionCreator$1.call(DefaultActionCreator.java:33)
	at play.core.j.JavaAction.$anonfun$apply$8(JavaAction.scala:191)
	at scala.concurrent.Future$.$anonfun$apply$1(Future.scala:660)
	at scala.concurrent.impl.Promise$Transformation.run(Promise.scala:430)
	at play.core.j.HttpExecutionContext$$anon$2.run(HttpExecutionContext.scala:79)
	at play.api.libs.streams.Execution$trampoline$.execute(Execution.scala:72)
	at play.core.j.HttpExecutionContext.execute(HttpExecutionContext.scala:71)
	at scala.concurrent.impl.Promise$Transformation.submitWithValue(Promise.scala:392)
	at scala.concurrent.impl.Promise$DefaultPromise.submitWithValue(Promise.scala:302)
	at scala.concurrent.impl.Promise$DefaultPromise.dispatchOrAddCallbacks(Promise.scala:276)
	at scala.concurrent.impl.Promise$DefaultPromise.map(Promise.scala:146)
	at scala.concurrent.Future$.apply(Future.scala:660)
	at play.core.j.JavaAction.apply(JavaAction.scala:192)
	at play.api.mvc.Action.$anonfun$apply$2(Action.scala:98)
	at play.api.libs.streams.StrictAccumulator.$anonfun$mapFuture$4(Accumulator.scala:184)
	at scala.util.Try$.apply(Try.scala:212)
	at play.api.libs.streams.StrictAccumulator.$anonfun$mapFuture$3(Accumulator.scala:184)
	at scala.Function1.$anonfun$andThen$1(Function1.scala:85)
	at scala.Function1.$anonfun$andThen$1(Function1.scala:85)
	at scala.Function1.$anonfun$andThen$1(Function1.scala:85)
	at play.api.libs.streams.StrictAccumulator.run(Accumulator.scala:219)
	at play.core.server.AkkaHttpServer.$anonfun$runAction$4(AkkaHttpServer.scala:441)
	at akka.http.scaladsl.util.FastFuture$.strictTransform$1(FastFuture.scala:41)
	at akka.http.scaladsl.util.FastFuture$.$anonfun$transformWith$3(FastFuture.scala:51)
	at scala.concurrent.impl.Promise$Transformation.run(Promise.scala:447)
	... 11 common frames omitted
Caused by: java.lang.NullPointerException: null
	at com.fasterxml.jackson.databind.ObjectMapper.treeToValue(ObjectMapper.java:2745)
	at play.libs.Json.fromJson(Json.java:87)
	... 45 common frames omitted
2019-08-29 07:54:16,206 [ERROR] from application in application-akka.actor.default-dispatcher-2 - 

! @7d2lkannc - Internal server error, for (GET) [/json/catch] ->
 
play.api.http.HttpErrorHandlerExceptions$$anon$1: Execution exception[[RuntimeException: java.lang.NullPointerException]]
	at play.api.http.HttpErrorHandlerExceptions$.throwableToUsefulException(HttpErrorHandler.scala:351)
	at play.api.http.DefaultHttpErrorHandler.onServerError(HttpErrorHandler.scala:267)
	at play.core.server.AkkaHttpServer$$anonfun$1.applyOrElse(AkkaHttpServer.scala:448)
	at play.core.server.AkkaHttpServer$$anonfun$1.applyOrElse(AkkaHttpServer.scala:446)
	at scala.concurrent.impl.Promise$Transformation.run(Promise.scala:453)
	at akka.dispatch.BatchingExecutor$AbstractBatch.processBatch(BatchingExecutor.scala:55)
	at akka.dispatch.BatchingExecutor$BlockableBatch.$anonfun$run$1(BatchingExecutor.scala:92)
	at scala.runtime.java8.JFunction0$mcV$sp.apply(JFunction0$mcV$sp.scala:18)
	at scala.concurrent.BlockContext$.withBlockContext(BlockContext.scala:94)
	at akka.dispatch.BatchingExecutor$BlockableBatch.run(BatchingExecutor.scala:92)
	at akka.dispatch.TaskInvocation.run(AbstractDispatcher.scala:41)
	at akka.dispatch.ForkJoinExecutorConfigurator$AkkaForkJoinTask.exec(ForkJoinExecutorConfigurator.scala:49)
	at akka.dispatch.forkjoin.ForkJoinTask.doExec(ForkJoinTask.java:260)
	at akka.dispatch.forkjoin.ForkJoinPool$WorkQueue.runTask(ForkJoinPool.java:1339)
	at akka.dispatch.forkjoin.ForkJoinPool.runWorker(ForkJoinPool.java:1979)
	at akka.dispatch.forkjoin.ForkJoinWorkerThread.run(ForkJoinWorkerThread.java:107)
Caused by: java.lang.RuntimeException: java.lang.NullPointerException
	at play.libs.Json.fromJson(Json.java:89)
	at controllers.HomeController.jsonCatch(HomeController.java:51)
	at router.Routes$$anonfun$routes$1.$anonfun$applyOrElse$10(Routes.scala:213)
	at play.core.routing.HandlerInvokerFactory$$anon$6.resultCall(HandlerInvoker.scala:143)
	at play.core.routing.HandlerInvokerFactory$$anon$6.resultCall(HandlerInvoker.scala:142)
	at play.core.routing.HandlerInvokerFactory$JavaActionInvokerFactory$$anon$3$$anon$4$$anon$5.invocation(HandlerInvoker.scala:116)
	at play.core.j.JavaAction$$anon$1.call(JavaAction.scala:131)
	at play.mvc.Action.lambda$call$0(Action.java:89)
	at java.util.Optional.map(Optional.java:215)
	at play.mvc.Action.call(Action.java:81)
	at play.http.DefaultActionCreator$1.call(DefaultActionCreator.java:33)
	at play.core.j.JavaAction.$anonfun$apply$8(JavaAction.scala:191)
	at scala.concurrent.Future$.$anonfun$apply$1(Future.scala:660)
	at scala.concurrent.impl.Promise$Transformation.run(Promise.scala:430)
	at play.core.j.HttpExecutionContext$$anon$2.run(HttpExecutionContext.scala:79)
	at play.api.libs.streams.Execution$trampoline$.execute(Execution.scala:72)
	at play.core.j.HttpExecutionContext.execute(HttpExecutionContext.scala:71)
	at scala.concurrent.impl.Promise$Transformation.submitWithValue(Promise.scala:392)
	at scala.concurrent.impl.Promise$DefaultPromise.submitWithValue(Promise.scala:302)
	at scala.concurrent.impl.Promise$DefaultPromise.dispatchOrAddCallbacks(Promise.scala:276)
	at scala.concurrent.impl.Promise$DefaultPromise.map(Promise.scala:146)
	at scala.concurrent.Future$.apply(Future.scala:660)
	at play.core.j.JavaAction.apply(JavaAction.scala:192)
	at play.api.mvc.Action.$anonfun$apply$2(Action.scala:98)
	at play.api.libs.streams.StrictAccumulator.$anonfun$mapFuture$4(Accumulator.scala:184)
	at scala.util.Try$.apply(Try.scala:212)
	at play.api.libs.streams.StrictAccumulator.$anonfun$mapFuture$3(Accumulator.scala:184)
	at scala.Function1.$anonfun$andThen$1(Function1.scala:85)
	at scala.Function1.$anonfun$andThen$1(Function1.scala:85)
	at scala.Function1.$anonfun$andThen$1(Function1.scala:85)
	at play.api.libs.streams.StrictAccumulator.run(Accumulator.scala:219)
	at play.core.server.AkkaHttpServer.$anonfun$runAction$4(AkkaHttpServer.scala:441)
	at akka.http.scaladsl.util.FastFuture$.strictTransform$1(FastFuture.scala:41)
	at akka.http.scaladsl.util.FastFuture$.$anonfun$transformWith$3(FastFuture.scala:51)
	at scala.concurrent.impl.Promise$Transformation.run(Promise.scala:447)
	... 11 common frames omitted
Caused by: java.lang.NullPointerException: null
	at com.fasterxml.jackson.databind.ObjectMapper.treeToValue(ObjectMapper.java:2745)
	at play.libs.Json.fromJson(Json.java:87)
	... 45 common frames omitted
2019-08-29 07:54:33,890 [ERROR] from application in application-akka.actor.default-dispatcher-2 - 

! @7d2lkbo1g - Internal server error, for (GET) [/json/catch] ->
 
play.api.http.HttpErrorHandlerExceptions$$anon$1: Execution exception[[RuntimeException: java.lang.NullPointerException]]
	at play.api.http.HttpErrorHandlerExceptions$.throwableToUsefulException(HttpErrorHandler.scala:351)
	at play.api.http.DefaultHttpErrorHandler.onServerError(HttpErrorHandler.scala:267)
	at play.core.server.AkkaHttpServer$$anonfun$1.applyOrElse(AkkaHttpServer.scala:448)
	at play.core.server.AkkaHttpServer$$anonfun$1.applyOrElse(AkkaHttpServer.scala:446)
	at scala.concurrent.impl.Promise$Transformation.run(Promise.scala:453)
	at akka.dispatch.BatchingExecutor$AbstractBatch.processBatch(BatchingExecutor.scala:55)
	at akka.dispatch.BatchingExecutor$BlockableBatch.$anonfun$run$1(BatchingExecutor.scala:92)
	at scala.runtime.java8.JFunction0$mcV$sp.apply(JFunction0$mcV$sp.scala:18)
	at scala.concurrent.BlockContext$.withBlockContext(BlockContext.scala:94)
	at akka.dispatch.BatchingExecutor$BlockableBatch.run(BatchingExecutor.scala:92)
	at akka.dispatch.TaskInvocation.run(AbstractDispatcher.scala:41)
	at akka.dispatch.ForkJoinExecutorConfigurator$AkkaForkJoinTask.exec(ForkJoinExecutorConfigurator.scala:49)
	at akka.dispatch.forkjoin.ForkJoinTask.doExec(ForkJoinTask.java:260)
	at akka.dispatch.forkjoin.ForkJoinPool$WorkQueue.runTask(ForkJoinPool.java:1339)
	at akka.dispatch.forkjoin.ForkJoinPool.runWorker(ForkJoinPool.java:1979)
	at akka.dispatch.forkjoin.ForkJoinWorkerThread.run(ForkJoinWorkerThread.java:107)
Caused by: java.lang.RuntimeException: java.lang.NullPointerException
	at play.libs.Json.fromJson(Json.java:89)
	at controllers.HomeController.jsonCatch(HomeController.java:51)
	at router.Routes$$anonfun$routes$1.$anonfun$applyOrElse$10(Routes.scala:213)
	at play.core.routing.HandlerInvokerFactory$$anon$6.resultCall(HandlerInvoker.scala:143)
	at play.core.routing.HandlerInvokerFactory$$anon$6.resultCall(HandlerInvoker.scala:142)
	at play.core.routing.HandlerInvokerFactory$JavaActionInvokerFactory$$anon$3$$anon$4$$anon$5.invocation(HandlerInvoker.scala:116)
	at play.core.j.JavaAction$$anon$1.call(JavaAction.scala:131)
	at play.mvc.Action.lambda$call$0(Action.java:89)
	at java.util.Optional.map(Optional.java:215)
	at play.mvc.Action.call(Action.java:81)
	at play.http.DefaultActionCreator$1.call(DefaultActionCreator.java:33)
	at play.core.j.JavaAction.$anonfun$apply$8(JavaAction.scala:191)
	at scala.concurrent.Future$.$anonfun$apply$1(Future.scala:660)
	at scala.concurrent.impl.Promise$Transformation.run(Promise.scala:430)
	at play.core.j.HttpExecutionContext$$anon$2.run(HttpExecutionContext.scala:79)
	at play.api.libs.streams.Execution$trampoline$.execute(Execution.scala:72)
	at play.core.j.HttpExecutionContext.execute(HttpExecutionContext.scala:71)
	at scala.concurrent.impl.Promise$Transformation.submitWithValue(Promise.scala:392)
	at scala.concurrent.impl.Promise$DefaultPromise.submitWithValue(Promise.scala:302)
	at scala.concurrent.impl.Promise$DefaultPromise.dispatchOrAddCallbacks(Promise.scala:276)
	at scala.concurrent.impl.Promise$DefaultPromise.map(Promise.scala:146)
	at scala.concurrent.Future$.apply(Future.scala:660)
	at play.core.j.JavaAction.apply(JavaAction.scala:192)
	at play.api.mvc.Action.$anonfun$apply$2(Action.scala:98)
	at play.api.libs.streams.StrictAccumulator.$anonfun$mapFuture$4(Accumulator.scala:184)
	at scala.util.Try$.apply(Try.scala:212)
	at play.api.libs.streams.StrictAccumulator.$anonfun$mapFuture$3(Accumulator.scala:184)
	at scala.Function1.$anonfun$andThen$1(Function1.scala:85)
	at scala.Function1.$anonfun$andThen$1(Function1.scala:85)
	at scala.Function1.$anonfun$andThen$1(Function1.scala:85)
	at play.api.libs.streams.StrictAccumulator.run(Accumulator.scala:219)
	at play.core.server.AkkaHttpServer.$anonfun$runAction$4(AkkaHttpServer.scala:441)
	at akka.http.scaladsl.util.FastFuture$.strictTransform$1(FastFuture.scala:41)
	at akka.http.scaladsl.util.FastFuture$.$anonfun$transformWith$3(FastFuture.scala:51)
	at scala.concurrent.impl.Promise$Transformation.run(Promise.scala:447)
	... 11 common frames omitted
Caused by: java.lang.NullPointerException: null
	at com.fasterxml.jackson.databind.ObjectMapper.treeToValue(ObjectMapper.java:2745)
	at play.libs.Json.fromJson(Json.java:87)
	... 45 common frames omitted
2019-08-29 08:57:47,519 [INFO] from play.core.server.AkkaHttpServer in play-dev-mode-shutdown-hook-1 - Stopping server...
